<?xml version="1.0" encoding="UTF-8"?>
<testng-results ignored="0" total="2" passed="2" failed="0" skipped="0">
  <reporter-output>
  </reporter-output>
  <suite started-at="2026-06-17T11:58:04 IST" name="SauceDemoSuite" finished-at="2026-06-17T11:58:13 IST" duration-ms="8776">
    <groups>
    </groups>
    <test started-at="2026-06-17T11:58:04 IST" name="base" finished-at="2026-06-17T11:58:13 IST" duration-ms="8776">
      <class name="tests.LockedUserTest">
        <test-method is-config="true" signature="setup()[pri:0, instance:tests.LockedUserTest@1f2586d6]" started-at="2026-06-17T11:58:10 IST" name="setup" finished-at="2026-06-17T11:58:12 IST" duration-ms="2361" status="PASS">
          <reporter-output>
          </reporter-output>
        </test-method> <!-- setup -->
        <test-method signature="verifyLockedUserErrorMessage()[pri:0, instance:tests.LockedUserTest@1f2586d6]" started-at="2026-06-17T11:58:12 IST" name="verifyLockedUserErrorMessage" finished-at="2026-06-17T11:58:13 IST" duration-ms="465" status="PASS">
          <reporter-output>
          </reporter-output>
        </test-method> <!-- verifyLockedUserErrorMessage -->
        <test-method is-config="true" signature="tearDown()[pri:0, instance:tests.LockedUserTest@1f2586d6]" started-at="2026-06-17T11:58:13 IST" name="tearDown" finished-at="2026-06-17T11:58:13 IST" duration-ms="217" status="PASS">
          <reporter-output>
          </reporter-output>
        </test-method> <!-- tearDown -->
      </class> <!-- tests.LockedUserTest -->
      <class name="tests.CheckoutTest">
        <test-method is-config="true" signature="setup()[pri:0, instance:tests.CheckoutTest@34123d65]" started-at="2026-06-17T11:58:04 IST" name="setup" finished-at="2026-06-17T11:58:09 IST" duration-ms="4235" status="PASS">
          <reporter-output>
          </reporter-output>
        </test-method> <!-- setup -->
        <test-method signature="verifySuccessfulCheckout()[pri:0, instance:tests.CheckoutTest@34123d65]" started-at="2026-06-17T11:58:09 IST" name="verifySuccessfulCheckout" finished-at="2026-06-17T11:58:10 IST" duration-ms="1206" status="PASS">
          <reporter-output>
          </reporter-output>
        </test-method> <!-- verifySuccessfulCheckout -->
        <test-method is-config="true" signature="tearDown()[pri:0, instance:tests.CheckoutTest@34123d65]" started-at="2026-06-17T11:58:10 IST" name="tearDown" finished-at="2026-06-17T11:58:10 IST" duration-ms="238" status="PASS">
          <reporter-output>
          </reporter-output>
        </test-method> <!-- tearDown -->
      </class> <!-- tests.CheckoutTest -->
    </test> <!-- base -->
  </suite> <!-- SauceDemoSuite -->
</testng-results>
